[debug] [2025-03-19T18:01:16.637Z] ----------------------------------------------------------------------
[debug] [2025-03-19T18:01:16.640Z] Command:       C:\Program Files\nodejs\node.exe C:\Users\amrit\AppData\Roaming\npm\node_modules\firebase-tools\lib\bin\firebase.js deploy
[debug] [2025-03-19T18:01:16.640Z] CLI Version:   13.34.0
[debug] [2025-03-19T18:01:16.640Z] Platform:      win32
[debug] [2025-03-19T18:01:16.640Z] Node Version:  v22.14.0
[debug] [2025-03-19T18:01:16.641Z] Time:          Wed Mar 19 2025 23:31:16 GMT+0530 (ਭਾਰਤੀ ਮਿਆਰੀ ਵੇਲਾ)
[debug] [2025-03-19T18:01:16.641Z] ----------------------------------------------------------------------
[debug] 
[debug] [2025-03-19T18:01:16.806Z] > command requires scopes: ["email","openid","https://www.googleapis.com/auth/cloudplatformprojects.readonly","https://www.googleapis.com/auth/firebase","https://www.googleapis.com/auth/cloud-platform"]
[debug] [2025-03-19T18:01:16.807Z] > authorizing via signed-in user (digitalramuwala@gmail.com)
[debug] [2025-03-19T18:01:16.807Z] [iam] checking project drawmatinc for permissions ["firebase.projects.get","firebasehosting.sites.update"]
[debug] [2025-03-19T18:01:16.808Z] Checked if tokens are valid: true, expires at: 1742410605590
[debug] [2025-03-19T18:01:16.808Z] Checked if tokens are valid: true, expires at: 1742410605590
[debug] [2025-03-19T18:01:16.809Z] >>> [apiv2][query] POST https://cloudresourcemanager.googleapis.com/v1/projects/drawmatinc:testIamPermissions [none]
[debug] [2025-03-19T18:01:16.809Z] >>> [apiv2][(partial)header] POST https://cloudresourcemanager.googleapis.com/v1/projects/drawmatinc:testIamPermissions x-goog-quota-user=projects/drawmatinc
[debug] [2025-03-19T18:01:16.809Z] >>> [apiv2][body] POST https://cloudresourcemanager.googleapis.com/v1/projects/drawmatinc:testIamPermissions {"permissions":["firebase.projects.get","firebasehosting.sites.update"]}
[debug] [2025-03-19T18:01:18.408Z] <<< [apiv2][status] POST https://cloudresourcemanager.googleapis.com/v1/projects/drawmatinc:testIamPermissions 200
[debug] [2025-03-19T18:01:18.408Z] <<< [apiv2][body] POST https://cloudresourcemanager.googleapis.com/v1/projects/drawmatinc:testIamPermissions {"permissions":["firebase.projects.get","firebasehosting.sites.update"]}
[debug] [2025-03-19T18:01:18.408Z] Checked if tokens are valid: true, expires at: 1742410605590
[debug] [2025-03-19T18:01:18.408Z] Checked if tokens are valid: true, expires at: 1742410605590
[debug] [2025-03-19T18:01:18.409Z] >>> [apiv2][query] GET https://firebase.googleapis.com/v1beta1/projects/drawmatinc [none]
[debug] [2025-03-19T18:01:18.882Z] <<< [apiv2][status] GET https://firebase.googleapis.com/v1beta1/projects/drawmatinc 200
[debug] [2025-03-19T18:01:18.882Z] <<< [apiv2][body] GET https://firebase.googleapis.com/v1beta1/projects/drawmatinc {"projectId":"drawmatinc","projectNumber":"439340977550","displayName":"DRAWMATINC","name":"projects/drawmatinc","resources":{"hostingSite":"drawmatinc"},"state":"ACTIVE","etag":"1_8274dcd7-d492-4783-b97e-b6535b13ef12"}
[info] 
[info] === Deploying to 'drawmatinc'...
[info] 
[info] i  deploying hosting 
[debug] [2025-03-19T18:01:18.890Z] Checked if tokens are valid: true, expires at: 1742410605590
[debug] [2025-03-19T18:01:18.890Z] Checked if tokens are valid: true, expires at: 1742410605590
[debug] [2025-03-19T18:01:18.890Z] >>> [apiv2][query] POST https://firebasehosting.googleapis.com/v1beta1/projects/-/sites/drawmatinc/versions [none]
[debug] [2025-03-19T18:01:18.890Z] >>> [apiv2][body] POST https://firebasehosting.googleapis.com/v1beta1/projects/-/sites/drawmatinc/versions {"status":"CREATED","labels":{"deployment-tool":"cli-firebase"}}
[debug] [2025-03-19T18:01:20.365Z] <<< [apiv2][status] POST https://firebasehosting.googleapis.com/v1beta1/projects/-/sites/drawmatinc/versions 200
[debug] [2025-03-19T18:01:20.365Z] <<< [apiv2][body] POST https://firebasehosting.googleapis.com/v1beta1/projects/-/sites/drawmatinc/versions {"name":"projects/439340977550/sites/drawmatinc/versions/5231200a43c61241","status":"CREATED","config":{},"labels":{"deployment-tool":"cli-firebase"}}
[info] i  hosting[drawmatinc]: beginning deploy... 
[info] i  hosting[drawmatinc]: found 78286 files in . 
[debug] [2025-03-19T18:01:27.824Z] [hosting] uploading with 200 concurrency
[debug] [2025-03-19T18:01:27.825Z] [hosting] hash cache [] not populated
[debug] [2025-03-19T18:01:27.850Z] Error: EBUSY: resource busy or locked, open 'C:\Users\amrit\ntuser.dat.LOG2'
[error] 
[error] Error: An unexpected error has occurred.
[debug] [2025-03-19T18:01:27.852Z] Error: EBUSY: resource busy or locked, open 'C:\Users\amrit\ntuser.dat.LOG1'
[error] 
[error] Error: An unexpected error has occurred.
[debug] [2025-03-19T18:01:27.852Z] Error: EBUSY: resource busy or locked, open 'C:\Users\amrit\NTUSER.DAT'
[error] 
[error] Error: An unexpected error has occurred.
[debug] [2025-03-19T18:01:27.861Z] Error: EISDIR: illegal operation on a directory, read
[error] 
[error] Error: An unexpected error has occurred.
